<?xml version="1.0" encoding="UTF-8"?>
<testsuite name="CUTest" tests="11" skipped="0" failures="0" errors="0" timestamp="2024-10-20T10:15:57" hostname="LOLAGAMES155" time="0.131">
  <properties/>
  <testcase name="testAverageCU()" classname="CUTest" time="0.022"/>
  <testcase name="testSearchStudent_NotFound()" classname="CUTest" time="0.001"/>
  <testcase name="[1] 1, 10.0, true" classname="CUTest" time="0.03"/>
  <testcase name="[2] 2, 8.0, false" classname="CUTest" time="0.002"/>
  <testcase name="[3] 3, 9.5, true" classname="CUTest" time="0.002"/>
  <testcase name="[4] 4, 12.0, true" classname="CUTest" time="0.001"/>
  <testcase name="[1] 1, 10.0" classname="CUTest" time="0.007"/>
  <testcase name="[2] 2, 8.0" classname="CUTest" time="0.001"/>
  <testcase name="[3] 3, 9.5" classname="CUTest" time="0.001"/>
  <testcase name="[4] 4, 12.0" classname="CUTest" time="0.001"/>
  <testcase name="testInsertMarkCU()" classname="CUTest" time="0.001"/>
  <system-out><![CDATA[]]></system-out>
  <system-err><![CDATA[]]></system-err>
</testsuite>
